#
# A fatal error has been detected by the Java Runtime Environment:
#
#  EXCEPTION_ACCESS_VIOLATION (0xc0000005) at pc=0x0000000077800a50, pid=9992, tid=0x000000000000211c
#
# JRE version: Java(TM) SE Runtime Environment (8.0_201-b09) (build 1.8.0_201-b09)
# Java VM: Java HotSpot(TM) 64-Bit Server VM (25.201-b09 mixed mode windows-amd64 compressed oops)
# Problematic frame:
# V  [jvm.dll+0xb0a50]
#
# Failed to write core dump. Minidumps are not enabled by default on client versions of Windows
#
# If you would like to submit a bug report, please visit:
#   http://bugreport.java.com/bugreport/crash.jsp
#

---------------  T H R E A D  ---------------

Current thread (0x0000000004e09800):  GCTaskThread [stack: 0x0000000014570000,0x0000000014670000] [id=8476]

siginfo: ExceptionCode=0xc0000005, reading address 0x0000000003200350

Registers:
RAX=0x0000000000000000, RBX=0x00000000fef68c20, RCX=0x00000000fef68c20, RDX=0x0000000003200348
RSP=0x000000001466f7b8, RBP=0x00000000142b1d01, RSI=0x00000000162d5180, RDI=0x00000000e039beb0
R8 =0x00000000162d5180, R9 =0x0000000000000022, R10=0x0000000000000002, R11=0x00000000fe0a0d88
R12=0x00000000142b1c9e, R13=0x0076006f00720050, R14=0x0000000000000000, R15=0x0000000004e02ed0
RIP=0x0000000077800a50, EFLAGS=0x0000000000010206

Top of Stack: (sp=0x000000001466f7b8)
0x000000001466f7b8:   0000000077b54502 00000000f96990c0
0x000000001466f7c8:   0000000000000002 00000000162d5180
0x000000001466f7d8:   00000000ff86bb28 00000000fe098d98
0x000000001466f7e8:   0000000077b54c4b 00000000162d5180
0x000000001466f7f8:   0000000077863e03 0000000000000000
0x000000001466f808:   00000000162d5100 00000000142b1c9e
0x000000001466f818:   0000000077b54870 00000000e03984d8
0x000000001466f828:   00000000142b1d01 00000000162d5180
0x000000001466f838:   00000000e039beb0 00000000e03984d8
0x000000001466f848:   0000000077b55415 00000000fee60010
0x000000001466f858:   00000000142b1d01 00000000162d5180
0x000000001466f868:   0000000000000003 00000000162d5180
0x000000001466f878:   000000007783d35a 00000000e0259294
0x000000001466f888:   0000000077865810 00000000162d5180
0x000000001466f898:   0000000077863e03 00000000e039bd8d
0x000000001466f8a8:   00000000e039bd8d 00000000e0393c10 

Instructions: (pc=0x0000000077800a50)
0x0000000077800a30:   8c dd 1d 00 48 8b 9c 24 d0 00 00 00 48 81 c4 c0
0x0000000077800a40:   00 00 00 5d c3 cc cc cc cc cc cc cc cc cc cc cc
0x0000000077800a50:   44 8b 42 08 4c 8b ca 45 85 c0 7e 0e 41 f6 c0 01
0x0000000077800a60:   75 57 41 c1 f8 03 41 8b c0 c3 79 4d 80 3d ce 4e 


Register to memory mapping:

RAX=0x0000000000000000 is an unknown value
RBX=0x00000000fef68c20 is an oop

[error occurred during error reporting (printing register info), id 0xc0000005]

Stack: [0x0000000014570000,0x0000000014670000],  sp=0x000000001466f7b8,  free space=1021k
Native frames: (J=compiled Java code, j=interpreted, Vv=VM code, C=native code)
V  [jvm.dll+0xb0a50]


---------------  P R O C E S S  ---------------

Java Threads: ( => current thread )
  0x000000001de79800 JavaThread "Cache worker for Build Output Cleanup Cache (C:\Users\W'Sean\Projects\ReactNative\DLGTD\android\.gradle\buildOutputCleanup)" [_thread_blocked, id=16360, stack(0x0000000021f70000,0x0000000022070000)]
  0x000000001de7a000 JavaThread "Build operations Thread 4" [_thread_blocked, id=13616, stack(0x0000000021a70000,0x0000000021b70000)]
  0x000000001de7d000 JavaThread "Build operations Thread 3" [_thread_blocked, id=5020, stack(0x0000000021970000,0x0000000021a70000)]
  0x000000001de7e800 JavaThread "Build operations Thread 2" [_thread_blocked, id=15000, stack(0x00000000205f0000,0x00000000206f0000)]
  0x000000001de7b800 JavaThread "Build operations" [_thread_blocked, id=13904, stack(0x00000000204f0000,0x00000000205f0000)]
  0x00000000196ff800 JavaThread "Cache worker for execution history cache (C:\Users\W'Sean\.gradle\caches\5.4.1\executionHistory)" [_thread_blocked, id=16696, stack(0x000000001ff60000,0x0000000020060000)]
  0x0000000019706000 JavaThread "Cache worker for cache directory md-rule (C:\Users\W'Sean\.gradle\caches\5.4.1\md-rule)" [_thread_blocked, id=10644, stack(0x000000001fe60000,0x000000001ff60000)]
  0x0000000019704800 JavaThread "Cache worker for cache directory md-supplier (C:\Users\W'Sean\.gradle\caches\5.4.1\md-supplier)" [_thread_blocked, id=16112, stack(0x000000001fd60000,0x000000001fe60000)]
  0x0000000019701000 JavaThread "Cache worker for file hash cache (C:\Users\W'Sean\Projects\ReactNative\DLGTD\android\.gradle\5.4.1\fileHashes)" [_thread_blocked, id=10900, stack(0x000000001e690000,0x000000001e790000)]
  0x0000000019702800 JavaThread "Cache worker for journal cache (C:\Users\W'Sean\.gradle\caches\journal-1)" [_thread_blocked, id=14580, stack(0x000000001aec0000,0x000000001afc0000)]
  0x0000000019701800 JavaThread "File lock request listener" [_thread_in_native, id=3528, stack(0x000000001adc0000,0x000000001aec0000)]
  0x0000000019705800 JavaThread "Cache worker for file hash cache (C:\Users\W'Sean\.gradle\caches\5.4.1\fileHashes)" [_thread_blocked, id=12024, stack(0x000000001acc0000,0x000000001adc0000)]
  0x0000000019540000 JavaThread "Thread-9" [_thread_blocked, id=9140, stack(0x000000001abc0000,0x000000001acc0000)]
  0x0000000019537800 JavaThread "Stdin handler" [_thread_blocked, id=13048, stack(0x000000001aac0000,0x000000001abc0000)]
  0x0000000019533000 JavaThread "Asynchronous log dispatcher for DefaultDaemonConnection: socket connection from /127.0.0.1:51466 to /127.0.0.1:51467" [_thread_blocked, id=3600, stack(0x000000001a7c0000,0x000000001a8c0000)]
  0x0000000019531000 JavaThread "Daemon worker" [_thread_blocked, id=14412, stack(0x000000001a6c0000,0x000000001a7c0000)]
  0x000000001952d800 JavaThread "Cancel handler" [_thread_blocked, id=7392, stack(0x000000001a5c0000,0x000000001a6c0000)]
  0x0000000019527800 JavaThread "Handler for socket connection from /127.0.0.1:51466 to /127.0.0.1:51467" [_thread_in_native, id=14324, stack(0x000000001a4c0000,0x000000001a5c0000)]
  0x0000000019529800 JavaThread "Daemon" [_thread_blocked, id=14656, stack(0x000000001a3c0000,0x000000001a4c0000)]
  0x00000000194d7800 JavaThread "Daemon periodic checks" [_thread_blocked, id=16604, stack(0x000000001a2c0000,0x000000001a3c0000)]
  0x00000000194c9000 JavaThread "Incoming local TCP Connector on port 51466" [_thread_in_native, id=8228, stack(0x000000001a080000,0x000000001a180000)]
  0x00000000193b1800 JavaThread "Daemon health stats" [_thread_blocked, id=3004, stack(0x0000000019a40000,0x0000000019b40000)]
  0x000000001636e000 JavaThread "Service Thread" daemon [_thread_blocked, id=15588, stack(0x0000000018070000,0x0000000018170000)]
  0x0000000016326000 JavaThread "C1 CompilerThread2" daemon [_thread_blocked, id=17084, stack(0x0000000017b70000,0x0000000017c70000)]
  0x000000001631f800 JavaThread "C2 CompilerThread1" daemon [_thread_in_native, id=3984, stack(0x0000000017a70000,0x0000000017b70000)]
  0x000000001631a800 JavaThread "C2 CompilerThread0" daemon [_thread_in_native, id=10328, stack(0x0000000017970000,0x0000000017a70000)]
  0x0000000016319000 JavaThread "Attach Listener" daemon [_thread_blocked, id=12656, stack(0x0000000017870000,0x0000000017970000)]
  0x0000000016315800 JavaThread "Signal Dispatcher" daemon [_thread_blocked, id=15044, stack(0x0000000017770000,0x0000000017870000)]
  0x0000000004eec800 JavaThread "Finalizer" daemon [_thread_blocked, id=10032, stack(0x0000000017580000,0x0000000017680000)]
  0x0000000004ee1800 JavaThread "Reference Handler" daemon [_thread_blocked, id=16592, stack(0x0000000017480000,0x0000000017580000)]
  0x0000000004df2800 JavaThread "main" [_thread_blocked, id=612, stack(0x0000000004cf0000,0x0000000004df0000)]

Other Threads:
  0x00000000162d7800 VMThread [stack: 0x0000000017380000,0x0000000017480000] [id=10948]
  0x0000000017c9d000 WatcherThread [stack: 0x0000000018170000,0x0000000018270000] [id=7884]

=>0x0000000004e09800 (exited) GCTaskThread [stack: 0x0000000014570000,0x0000000014670000] [id=8476]

VM state:at safepoint (normal execution)

VM Mutex/Monitor currently owned by a thread:  ([mutex/lock_event])
[0x0000000004bed6f0] Threads_lock - owner thread: 0x00000000162d7800
[0x0000000004bed2f0] Heap_lock - owner thread: 0x0000000019531000

heap address: 0x00000000e0000000, size: 512 MB, Compressed Oops mode: 32-bit
Narrow klass base: 0x0000000000000000, Narrow klass shift: 3
Compressed class space size: 1073741824 Address: 0x0000000100000000

Heap:
 PSYoungGen      total 154624K, used 100722K [0x00000000f5580000, 0x00000000ffe80000, 0x0000000100000000)
  eden space 140288K, 61% used [0x00000000f5580000,0x00000000fa9deca8,0x00000000fde80000)
  from space 14336K, 99% used [0x00000000fee00000,0x00000000ffbfdda8,0x00000000ffc00000)
  to   space 15872K, 68% used [0x00000000fde80000,0x00000000fe92ada8,0x00000000fee00000)
 ParOldGen       total 175104K, used 18986K [0x00000000e0000000, 0x00000000eab00000, 0x00000000f5580000)
  object space 175104K, 10% used [0x00000000e0000000,0x00000000e128a968,0x00000000eab00000)
 Metaspace       used 57721K, capacity 59150K, committed 59160K, reserved 1099776K
  class space    used 7977K, capacity 8361K, committed 8368K, reserved 1048576K

Card table byte_map: [0x00000000142b0000,0x00000000143c0000] byte_map_base: 0x0000000013bb0000

Marking Bits: (ParMarkBitMap*) 0x0000000077f74ce0
 Begin Bits: [0x0000000014870000, 0x0000000015070000)
 End Bits:   [0x0000000015070000, 0x0000000015870000)

Polling page: 0x0000000000bd0000

CodeCache: size=245760Kb used=17648Kb max_used=17648Kb free=228111Kb
 bounds [0x0000000004ef0000, 0x0000000006040000, 0x0000000013ef0000]
 total_blobs=5705 nmethods=4906 adapters=711
 compilation: enabled

Compilation events (10 events):
Event: 18.948 Thread 0x0000000016326000 5306       3       groovy.lang.MetaClassImpl::chooseMethod (29 bytes)
Event: 18.948 Thread 0x0000000016326000 nmethod 5306 0x000000000600dbd0 code [0x000000000600dd60, 0x000000000600e1b8]
Event: 18.948 Thread 0x0000000016326000 5308       1       org.codehaus.groovy.runtime.metaclass.ClosureMetaClass::isInitialized (5 bytes)
Event: 18.948 Thread 0x0000000016326000 nmethod 5308 0x000000000600d910 code [0x000000000600da60, 0x000000000600db70]
Event: 18.948 Thread 0x0000000016326000 5309       3       org.gradle.api.internal.tasks.DefaultTaskDependency::<init> (15 bytes)
Event: 18.948 Thread 0x0000000016326000 nmethod 5309 0x000000000600d490 code [0x000000000600d600, 0x000000000600d830]
Event: 18.963 Thread 0x0000000016326000 5310       3       groovyjarjarasm.asm.Label::getCanonicalInstance (19 bytes)
Event: 18.963 Thread 0x0000000016326000 nmethod 5310 0x000000000600d0d0 code [0x000000000600d220, 0x000000000600d3d0]
Event: 18.963 Thread 0x0000000016326000 5311       3       groovyjarjarasm.asm.Frame::getAbstractTypeFromDescriptor (415 bytes)
Event: 18.964 Thread 0x0000000016326000 nmethod 5311 0x0000000006035690 code [0x0000000006035900, 0x00000000060369c8]

GC Heap History (10 events):
Event: 9.302 GC heap after
Heap after GC invocations=6 (full 1):
 PSYoungGen      total 76288K, used 8842K [0x00000000f5580000, 0x00000000fd080000, 0x0000000100000000)
  eden space 65536K, 0% used [0x00000000f5580000,0x00000000f5580000,0x00000000f9580000)
  from space 10752K, 82% used [0x00000000f9580000,0x00000000f9e22b08,0x00000000fa000000)
  to   space 12288K, 0% used [0x00000000fc480000,0x00000000fc480000,0x00000000fd080000)
 ParOldGen       total 175104K, used 10851K [0x00000000e0000000, 0x00000000eab00000, 0x00000000f5580000)
  object space 175104K, 6% used [0x00000000e0000000,0x00000000e0a98e68,0x00000000eab00000)
 Metaspace       used 31378K, capacity 31822K, committed 32048K, reserved 1077248K
  class space    used 4414K, capacity 4558K, committed 4656K, reserved 1048576K
}
Event: 11.947 GC heap before
{Heap before GC invocations=7 (full 1):
 PSYoungGen      total 76288K, used 64552K [0x00000000f5580000, 0x00000000fd080000, 0x0000000100000000)
  eden space 65536K, 85% used [0x00000000f5580000,0x00000000f8be77e8,0x00000000f9580000)
  from space 10752K, 82% used [0x00000000f9580000,0x00000000f9e22b08,0x00000000fa000000)
  to   space 12288K, 0% used [0x00000000fc480000,0x00000000fc480000,0x00000000fd080000)
 ParOldGen       total 175104K, used 10851K [0x00000000e0000000, 0x00000000eab00000, 0x00000000f5580000)
  object space 175104K, 6% used [0x00000000e0000000,0x00000000e0a98e68,0x00000000eab00000)
 Metaspace       used 34485K, capacity 35224K, committed 35496K, reserved 1079296K
  class space    used 4821K, capacity 5035K, committed 5040K, reserved 1048576K
Event: 11.957 GC heap after
Heap after GC invocations=7 (full 1):
 PSYoungGen      total 111616K, used 10682K [0x00000000f5580000, 0x00000000fd000000, 0x0000000100000000)
  eden space 99840K, 0% used [0x00000000f5580000,0x00000000f5580000,0x00000000fb700000)
  from space 11776K, 90% used [0x00000000fc480000,0x00000000fceeea90,0x00000000fd000000)
  to   space 12800K, 0% used [0x00000000fb700000,0x00000000fb700000,0x00000000fc380000)
 ParOldGen       total 175104K, used 10859K [0x00000000e0000000, 0x00000000eab00000, 0x00000000f5580000)
  object space 175104K, 6% used [0x00000000e0000000,0x00000000e0a9ae68,0x00000000eab00000)
 Metaspace       used 34485K, capacity 35224K, committed 35496K, reserved 1079296K
  class space    used 4821K, capacity 5035K, committed 5040K, reserved 1048576K
}
Event: 11.957 GC heap before
{Heap before GC invocations=8 (full 2):
 PSYoungGen      total 111616K, used 10682K [0x00000000f5580000, 0x00000000fd000000, 0x0000000100000000)
  eden space 99840K, 0% used [0x00000000f5580000,0x00000000f5580000,0x00000000fb700000)
  from space 11776K, 90% used [0x00000000fc480000,0x00000000fceeea90,0x00000000fd000000)
  to   space 12800K, 0% used [0x00000000fb700000,0x00000000fb700000,0x00000000fc380000)
 ParOldGen       total 175104K, used 10859K [0x00000000e0000000, 0x00000000eab00000, 0x00000000f5580000)
  object space 175104K, 6% used [0x00000000e0000000,0x00000000e0a9ae68,0x00000000eab00000)
 Metaspace       used 34485K, capacity 35224K, committed 35496K, reserved 1079296K
  class space    used 4821K, capacity 5035K, committed 5040K, reserved 1048576K
Event: 12.005 GC heap after
Heap after GC invocations=8 (full 2):
 PSYoungGen      total 111616K, used 0K [0x00000000f5580000, 0x00000000fd000000, 0x0000000100000000)
  eden space 99840K, 0% used [0x00000000f5580000,0x00000000f5580000,0x00000000fb700000)
  from space 11776K, 0% used [0x00000000fc480000,0x00000000fc480000,0x00000000fd000000)
  to   space 12800K, 0% used [0x00000000fb700000,0x00000000fb700000,0x00000000fc380000)
 ParOldGen       total 175104K, used 17725K [0x00000000e0000000, 0x00000000eab00000, 0x00000000f5580000)
  object space 175104K, 10% used [0x00000000e0000000,0x00000000e114f440,0x00000000eab00000)
 Metaspace       used 34474K, capacity 35188K, committed 35496K, reserved 1079296K
  class space    used 4818K, capacity 5029K, committed 5040K, reserved 1048576K
}
Event: 14.753 GC heap before
{Heap before GC invocations=9 (full 2):
 PSYoungGen      total 111616K, used 99840K [0x00000000f5580000, 0x00000000fd000000, 0x0000000100000000)
  eden space 99840K, 100% used [0x00000000f5580000,0x00000000fb700000,0x00000000fb700000)
  from space 11776K, 0% used [0x00000000fc480000,0x00000000fc480000,0x00000000fd000000)
  to   space 12800K, 0% used [0x00000000fb700000,0x00000000fb700000,0x00000000fc380000)
 ParOldGen       total 175104K, used 17725K [0x00000000e0000000, 0x00000000eab00000, 0x00000000f5580000)
  object space 175104K, 10% used [0x00000000e0000000,0x00000000e114f440,0x00000000eab00000)
 Metaspace       used 44462K, capacity 45316K, committed 45608K, reserved 1089536K
  class space    used 6101K, capacity 6333K, committed 6448K, reserved 1048576K
Event: 14.765 GC heap after
Heap after GC invocations=9 (full 2):
 PSYoungGen      total 112640K, used 12769K [0x00000000f5580000, 0x00000000ffc00000, 0x0000000100000000)
  eden space 99840K, 0% used [0x00000000f5580000,0x00000000f5580000,0x00000000fb700000)
  from space 12800K, 99% used [0x00000000fb700000,0x00000000fc378600,0x00000000fc380000)
  to   space 14336K, 0% used [0x00000000fee00000,0x00000000fee00000,0x00000000ffc00000)
 ParOldGen       total 175104K, used 18448K [0x00000000e0000000, 0x00000000eab00000, 0x00000000f5580000)
  object space 175104K, 10% used [0x00000000e0000000,0x00000000e12043e8,0x00000000eab00000)
 Metaspace       used 44462K, capacity 45316K, committed 45608K, reserved 1089536K
  class space    used 6101K, capacity 6333K, committed 6448K, reserved 1048576K
}
Event: 17.035 GC heap before
{Heap before GC invocations=10 (full 2):
 PSYoungGen      total 112640K, used 112609K [0x00000000f5580000, 0x00000000ffc00000, 0x0000000100000000)
  eden space 99840K, 100% used [0x00000000f5580000,0x00000000fb700000,0x00000000fb700000)
  from space 12800K, 99% used [0x00000000fb700000,0x00000000fc378600,0x00000000fc380000)
  to   space 14336K, 0% used [0x00000000fee00000,0x00000000fee00000,0x00000000ffc00000)
 ParOldGen       total 175104K, used 18448K [0x00000000e0000000, 0x00000000eab00000, 0x00000000f5580000)
  object space 175104K, 10% used [0x00000000e0000000,0x00000000e12043e8,0x00000000eab00000)
 Metaspace       used 51699K, capacity 52784K, committed 53032K, reserved 1095680K
  class space    used 7077K, capacity 7380K, committed 7472K, reserved 1048576K
Event: 17.046 GC heap after
Heap after GC invocations=10 (full 2):
 PSYoungGen      total 154624K, used 14327K [0x00000000f5580000, 0x00000000ffe80000, 0x0000000100000000)
  eden space 140288K, 0% used [0x00000000f5580000,0x00000000f5580000,0x00000000fde80000)
  from space 14336K, 99% used [0x00000000fee00000,0x00000000ffbfdda8,0x00000000ffc00000)
  to   space 15872K, 0% used [0x00000000fde80000,0x00000000fde80000,0x00000000fee00000)
 ParOldGen       total 175104K, used 18978K [0x00000000e0000000, 0x00000000eab00000, 0x00000000f5580000)
  object space 175104K, 10% used [0x00000000e0000000,0x00000000e1288968,0x00000000eab00000)
 Metaspace       used 51699K, capacity 52784K, committed 53032K, reserved 1095680K
  class space    used 7077K, capacity 7380K, committed 7472K, reserved 1048576K
}
Event: 18.971 GC heap before
{Heap before GC invocations=11 (full 2):
 PSYoungGen      total 154624K, used 100722K [0x00000000f5580000, 0x00000000ffe80000, 0x0000000100000000)
  eden space 140288K, 61% used [0x00000000f5580000,0x00000000fa9deca8,0x00000000fde80000)
  from space 14336K, 99% used [0x00000000fee00000,0x00000000ffbfdda8,0x00000000ffc00000)
  to   space 15872K, 0% used [0x00000000fde80000,0x00000000fde80000,0x00000000fee00000)
 ParOldGen       total 175104K, used 18978K [0x00000000e0000000, 0x00000000eab00000, 0x00000000f5580000)
  object space 175104K, 10% used [0x00000000e0000000,0x00000000e1288968,0x00000000eab00000)
 Metaspace       used 57721K, capacity 59150K, committed 59160K, reserved 1099776K
  class space    used 7977K, capacity 8361K, committed 8368K, reserved 1048576K

Deoptimization events (10 events):
Event: 16.663 Thread 0x0000000019531000 Uncommon trap: reason=unstable_if action=reinterpret pc=0x0000000005d4b268 method=com.sun.org.apache.xerces.internal.impl.io.UTF8Reader.read([CII)I @ 131
Event: 16.663 Thread 0x0000000019531000 Uncommon trap: reason=unstable_if action=reinterpret pc=0x0000000005d2e1f8 method=java.util.regex.Pattern$BitClass.isSatisfiedBy(I)Z @ 4
Event: 16.663 Thread 0x0000000019531000 Uncommon trap: reason=unstable_if action=reinterpret pc=0x0000000005d02e4c method=java.util.regex.Pattern$Ctype.isSatisfiedBy(I)Z @ 4
Event: 16.956 Thread 0x0000000019531000 Uncommon trap: reason=unstable_if action=reinterpret pc=0x0000000005ced234 method=com.sun.org.apache.xerces.internal.impl.XMLEntityScanner.checkBeforeLoad(Lcom/sun/xml/internal/stream/Entity$ScannedEntity;II)I @ 18
Event: 17.031 Thread 0x0000000019531000 Uncommon trap: reason=unstable_if action=reinterpret pc=0x0000000005af3b58 method=com.google.gson.stream.JsonReader.doPeek()I @ 315
Event: 18.071 Thread 0x0000000019531000 Uncommon trap: reason=unstable_if action=reinterpret pc=0x00000000054987a4 method=java.lang.String.lastIndexOf([CII[CIII)I @ 17
Event: 18.253 Thread 0x0000000019531000 Uncommon trap: reason=unstable_if action=reinterpret pc=0x0000000005ef0688 method=kotlin.reflect.jvm.internal.impl.protobuf.CodedInputStream.readRawVarint32()I @ 10
Event: 18.364 Thread 0x0000000019531000 Uncommon trap: reason=unstable_if action=reinterpret pc=0x0000000005010864 method=java.util.concurrent.ConcurrentHashMap.putVal(Ljava/lang/Object;Ljava/lang/Object;Z)Ljava/lang/Object; @ 206
Event: 18.807 Thread 0x0000000019531000 Uncommon trap: reason=unstable_if action=reinterpret pc=0x0000000005939490 method=java.io.WinNTFileSystem.normalize(Ljava/lang/String;)Ljava/lang/String; @ 74
Event: 18.967 Thread 0x0000000019531000 Uncommon trap: reason=unstable_if action=reinterpret pc=0x0000000005f7bcf4 method=java.lang.ClassLoader.checkCerts(Ljava/lang/String;Ljava/security/CodeSource;)V @ 29

Classes redefined (0 events):
No events

Internal exceptions (10 events):
Event: 18.932 Thread 0x0000000019531000 Exception <a 'java/lang/ClassNotFoundException': org/gradle/api/tasks/AbstractExecTaskCustomizer> (0x00000000fa73d578) thrown at [C:\re\workspace\8-2-build-windows-amd64-cygwin\jdk8u201\12322\hotspot\src\share\vm\classfile\systemDictionary.cpp, line 210]
Event: 18.934 Thread 0x0000000019531000 Exception <a 'java/lang/ClassNotFoundException': org/gradle/api/tasks/ExecCustomizer> (0x00000000fa79c0c8) thrown at [C:\re\workspace\8-2-build-windows-amd64-cygwin\jdk8u201\12322\hotspot\src\share\vm\classfile\systemDictionary.cpp, line 210]
Event: 18.934 Thread 0x0000000019531000 Exception <a 'java/lang/ClassNotFoundException': org/gradle/api/tasks/Exec_DecoratedCustomizer> (0x00000000fa7c69a0) thrown at [C:\re\workspace\8-2-build-windows-amd64-cygwin\jdk8u201\12322\hotspot\src\share\vm\classfile\systemDictionary.cpp, line 210]
Event: 18.950 Thread 0x0000000019531000 Exception <a 'java/lang/ClassNotFoundException': org/gradle/api/internal/tasks/DefaultTaskInputsBeanInfo> (0x00000000fa888558) thrown at [C:\re\workspace\8-2-build-windows-amd64-cygwin\jdk8u201\12322\hotspot\src\share\vm\classfile\systemDictionary.cpp, li
Event: 18.950 Thread 0x0000000019531000 Exception <a 'java/lang/ClassNotFoundException': org/gradle/api/internal/tasks/DefaultTaskInputsCustomizer> (0x00000000fa8a1158) thrown at [C:\re\workspace\8-2-build-windows-amd64-cygwin\jdk8u201\12322\hotspot\src\share\vm\classfile\systemDictionary.cpp, 
Event: 18.959 Thread 0x0000000019531000 Exception <a 'java/lang/ClassNotFoundException': org/gradle/api/internal/tasks/DefaultTaskOutputsBeanInfo> (0x00000000fa8fa670) thrown at [C:\re\workspace\8-2-build-windows-amd64-cygwin\jdk8u201\12322\hotspot\src\share\vm\classfile\systemDictionary.cpp, l
Event: 18.960 Thread 0x0000000019531000 Exception <a 'java/lang/ClassNotFoundException': org/gradle/api/internal/tasks/DefaultTaskOutputsCustomizer> (0x00000000fa913278) thrown at [C:\re\workspace\8-2-build-windows-amd64-cygwin\jdk8u201\12322\hotspot\src\share\vm\classfile\systemDictionary.cpp,
Event: 18.967 Thread 0x0000000019531000 Implicit null exception at 0x0000000005f7b0b8 to 0x0000000005f7bcdd
Event: 18.970 Thread 0x0000000019531000 Exception <a 'java/lang/ClassNotFoundException': org/apache/tools/ant/taskdefs/condition/OsBeanInfo> (0x00000000fa9a37a0) thrown at [C:\re\workspace\8-2-build-windows-amd64-cygwin\jdk8u201\12322\hotspot\src\share\vm\classfile\systemDictionary.cpp, line 21
Event: 18.970 Thread 0x0000000019531000 Exception <a 'java/lang/ClassNotFoundException': org/apache/tools/ant/taskdefs/condition/OsCustomizer> (0x00000000fa9b27a8) thrown at [C:\re\workspace\8-2-build-windows-amd64-cygwin\jdk8u201\12322\hotspot\src\share\vm\classfile\systemDictionary.cpp, line 

Events (10 events):
Event: 18.970 loading class org/apache/tools/ant/taskdefs/condition/OsBeanInfo done
Event: 18.970 loading class org/apache/tools/ant/taskdefs/condition/OsCustomizer
Event: 18.970 loading class org/apache/tools/ant/taskdefs/condition/OsCustomizer done
Event: 18.970 loading class org/apache/tools/ant/taskdefs/condition/OsCustomizer
Event: 18.970 loading class org/apache/tools/ant/taskdefs/condition/OsCustomizer done
Event: 18.970 loading class org/apache/tools/ant/taskdefs/condition/OsCustomizer
Event: 18.970 loading class org/apache/tools/ant/taskdefs/condition/OsCustomizer done
Event: 18.970 loading class org/codehaus/groovy/runtime/callsite/CallSiteArray$1
Event: 18.970 loading class org/codehaus/groovy/runtime/callsite/CallSiteArray$1 done
Event: 18.971 Executing VM operation: CollectForMetadataAllocation


Dynamic libraries:
0x00007ff7f4f70000 - 0x00007ff7f4fa7000 	C:\Program Files\Java\jdk1.8.0_201\bin\java.exe
0x00007ffb1ae60000 - 0x00007ffb1b040000 	C:\WINDOWS\SYSTEM32\ntdll.dll
0x00007ffb1ad20000 - 0x00007ffb1adce000 	C:\WINDOWS\System32\KERNEL32.DLL
0x00007ffb17260000 - 0x00007ffb174c6000 	C:\WINDOWS\System32\KERNELBASE.dll
0x00007ffb18ae0000 - 0x00007ffb18b81000 	C:\WINDOWS\System32\ADVAPI32.dll
0x00007ffb18510000 - 0x00007ffb185ad000 	C:\WINDOWS\System32\msvcrt.dll
0x00007ffb1add0000 - 0x00007ffb1ae2b000 	C:\WINDOWS\System32\sechost.dll
0x00007ffb18990000 - 0x00007ffb18aaf000 	C:\WINDOWS\System32\RPCRT4.dll
0x00007ffb19400000 - 0x00007ffb1958f000 	C:\WINDOWS\System32\USER32.dll
0x00007ffb18070000 - 0x00007ffb18090000 	C:\WINDOWS\System32\win32u.dll
0x00007ffb1ac90000 - 0x00007ffb1acb8000 	C:\WINDOWS\System32\GDI32.dll
0x00007ffb18090000 - 0x00007ffb18223000 	C:\WINDOWS\System32\gdi32full.dll
0x00007ffb176a0000 - 0x00007ffb1773b000 	C:\WINDOWS\System32\msvcp_win.dll
0x00007ffb17f70000 - 0x00007ffb18066000 	C:\WINDOWS\System32\ucrtbase.dll
0x00007ffb10330000 - 0x00007ffb10599000 	C:\WINDOWS\WinSxS\amd64_microsoft.windows.common-controls_6595b64144ccf1df_6.0.16299.125_none_15cbcf8893620c09\COMCTL32.dll
0x00007ffb185b0000 - 0x00007ffb188b8000 	C:\WINDOWS\System32\combase.dll
0x00007ffb17e90000 - 0x00007ffb17f02000 	C:\WINDOWS\System32\bcryptPrimitives.dll
0x00007ffb18ab0000 - 0x00007ffb18add000 	C:\WINDOWS\System32\IMM32.DLL
0x0000000050050000 - 0x0000000050121000 	C:\Program Files\Java\jdk1.8.0_201\jre\bin\msvcr100.dll
0x0000000077750000 - 0x0000000077ff4000 	C:\Program Files\Java\jdk1.8.0_201\jre\bin\server\jvm.dll
0x00007ffb1abe0000 - 0x00007ffb1abe8000 	C:\WINDOWS\System32\PSAPI.DLL
0x00007ffb14290000 - 0x00007ffb14299000 	C:\WINDOWS\SYSTEM32\WSOCK32.dll
0x00007ffb13bb0000 - 0x00007ffb13bd3000 	C:\WINDOWS\SYSTEM32\WINMM.dll
0x00007ffb12100000 - 0x00007ffb1210a000 	C:\WINDOWS\SYSTEM32\VERSION.dll
0x00007ffb18920000 - 0x00007ffb1898c000 	C:\WINDOWS\System32\WS2_32.dll
0x00007ffb13b30000 - 0x00007ffb13b5a000 	C:\WINDOWS\SYSTEM32\winmmbase.dll
0x00007ffb182e0000 - 0x00007ffb1832a000 	C:\WINDOWS\System32\cfgmgr32.dll
0x00007ffb13a90000 - 0x00007ffb13a9f000 	C:\Program Files\Java\jdk1.8.0_201\jre\bin\verify.dll
0x00007ffb0c6c0000 - 0x00007ffb0c6e9000 	C:\Program Files\Java\jdk1.8.0_201\jre\bin\java.dll
0x00007ffb10110000 - 0x00007ffb10126000 	C:\Program Files\Java\jdk1.8.0_201\jre\bin\zip.dll
0x00007ffb19710000 - 0x00007ffb1ab46000 	C:\WINDOWS\System32\SHELL32.dll
0x00007ffb19040000 - 0x00007ffb190e6000 	C:\WINDOWS\System32\shcore.dll
0x00007ffb17740000 - 0x00007ffb17e87000 	C:\WINDOWS\System32\windows.storage.dll
0x00007ffb188c0000 - 0x00007ffb18911000 	C:\WINDOWS\System32\shlwapi.dll
0x00007ffb17200000 - 0x00007ffb17211000 	C:\WINDOWS\System32\kernel.appcore.dll
0x00007ffb171b0000 - 0x00007ffb171fc000 	C:\WINDOWS\System32\powrprof.dll
0x00007ffb17220000 - 0x00007ffb1723b000 	C:\WINDOWS\System32\profapi.dll
0x00007ffb0c680000 - 0x00007ffb0c69a000 	C:\Program Files\Java\jdk1.8.0_201\jre\bin\net.dll
0x00007ffb0bda0000 - 0x00007ffb0bf6c000 	C:\WINDOWS\SYSTEM32\urlmon.dll
0x00007ffb196f0000 - 0x00007ffb1970d000 	C:\WINDOWS\System32\imagehlp.dll
0x00007ffb0c120000 - 0x00007ffb0c3b9000 	C:\WINDOWS\SYSTEM32\iertutil.dll
0x00007ffb170a0000 - 0x00007ffb170ab000 	C:\WINDOWS\SYSTEM32\CRYPTBASE.DLL
0x00007ffb169e0000 - 0x00007ffb16a46000 	C:\WINDOWS\system32\mswsock.dll
0x00007ffb0baa0000 - 0x00007ffb0bab1000 	C:\Program Files\Java\jdk1.8.0_201\jre\bin\nio.dll
0x00007ffb0aa90000 - 0x00007ffb0aab6000 	C:\Users\W'Sean\.gradle\native\29\windows-amd64\native-platform.dll
0x00007ffb0c560000 - 0x00007ffb0c56d000 	C:\Program Files\Java\jdk1.8.0_201\jre\bin\management.dll
0x00007ffb16ba0000 - 0x00007ffb16bb7000 	C:\WINDOWS\SYSTEM32\CRYPTSP.dll
0x00007ffb165f0000 - 0x00007ffb16623000 	C:\WINDOWS\system32\rsaenh.dll
0x00007ffb16ca0000 - 0x00007ffb16cc5000 	C:\WINDOWS\SYSTEM32\bcrypt.dll
0x00007ffb170e0000 - 0x00007ffb17109000 	C:\WINDOWS\SYSTEM32\USERENV.dll
0x00007ffb16770000 - 0x00007ffb167a9000 	C:\WINDOWS\SYSTEM32\IPHLPAPI.DLL
0x00007ffb1ab50000 - 0x00007ffb1ab58000 	C:\WINDOWS\System32\NSI.dll
0x00007ffb11ed0000 - 0x00007ffb11ee6000 	C:\WINDOWS\SYSTEM32\dhcpcsvc6.DLL
0x00007ffb11e00000 - 0x00007ffb11e1a000 	C:\WINDOWS\SYSTEM32\dhcpcsvc.DLL
0x00007ffb08110000 - 0x00007ffb082d8000 	C:\WINDOWS\SYSTEM32\dbghelp.dll

VM Arguments:
jvm_args: -XX:MaxMetaspaceSize=256m -XX:+HeapDumpOnOutOfMemoryError -Xms256m -Xmx512m -Dfile.encoding=windows-1252 -Duser.country=US -Duser.language=en -Duser.variant 
java_command: org.gradle.launcher.daemon.bootstrap.GradleDaemon 5.4.1
java_class_path (initial): C:\Users\W'Sean\.gradle\wrapper\dists\gradle-5.4.1-all\3221gyojl5jsh0helicew7rwx\gradle-5.4.1\lib\gradle-launcher-5.4.1.jar
Launcher Type: SUN_STANDARD

Environment Variables:
JAVA_HOME=C:\Program Files\Java\jdk1.8.0_201
CLASSPATH=C:\Users\W'Sean\Projects\ReactNative\DLGTD\android\\gradle\wrapper\gradle-wrapper.jar
PATH=C:\Python27\;C:\Python27\Scripts;C:\Program Files (x86)\Common Files\Intel\Shared Libraries\redist\intel64\compiler;C:\ProgramData\Oracle\Java\javapath;C:\Program Files (x86)\Intel\iCLS Client\;C:\Program Files\Intel\iCLS Client\;C:\Windows\system32;C:\Windows;C:\Windows\System32\Wbem;C:\Windows\System32\WindowsPowerShell\v1.0\;C:\Program Files (x86)\Intel\Intel(R) Management Engine Components\DAL;C:\Program Files\Intel\Intel(R) Management Engine Components\DAL;C:\Program Files (x86)\Intel\Intel(R) Management Engine Components\IPT;C:\Program Files\Intel\Intel(R) Management Engine Components\IPT;C:\Program Files (x86)\NVIDIA Corporation\PhysX\Common;C:\WINDOWS\system32;C:\WINDOWS;C:\WINDOWS\System32\Wbem;C:\WINDOWS\System32\WindowsPowerShell\v1.0\;C:\Program Files\Git\cmd;C:\Program Files\dotnet\;C:\ProgramData\chocolatey\bin;C:\Program Files\nodejs\;C:\Program Files\Java\jdk1.8.0_201\bin;C:\Users\W'Sean\AppData\Local\Microsoft\WindowsApps;C:\Users\W'Sean\AppData\Roaming\npm;C:\Users\W'Sean\AppData\Local\Android\Sdk\platform-tools;C:\Users\W'Sean\AppData\Local\Android\Sdk\tools;
USERNAME=W'Sean
OS=Windows_NT
PROCESSOR_IDENTIFIER=Intel64 Family 6 Model 158 Stepping 9, GenuineIntel



---------------  S Y S T E M  ---------------

OS: Windows 10.0 , 64 bit Build 16299 (10.0.16299.15)

CPU:total 4 (initial active 4) (2 cores per cpu, 2 threads per core) family 6 model 158 stepping 9, cmov, cx8, fxsr, mmx, sse, sse2, sse3, ssse3, sse4.1, sse4.2, popcnt, avx, avx2, aes, clmul, erms, 3dnowpref, lzcnt, ht, tsc, tscinvbit, bmi1, bmi2, adx

Memory: 4k page, physical 16740504k(11876592k free), swap 19230872k(13691500k free)

vm_info: Java HotSpot(TM) 64-Bit Server VM (25.201-b09) for windows-amd64 JRE (1.8.0_201-b09), built on Dec 15 2018 18:36:39 by "java_re" with MS VC++ 10.0 (VS2010)

time: Sun Aug 04 15:25:03 2019
timezone: Malay Peninsula Standard Time
elapsed time: 19 seconds (0d 0h 0m 19s)

